16:20:40.741 [main] INFO  org.testng.log4testng.Logger.info(Logger.java:112)oggger - [Utils] MethodGroupsHelper.sortMethods() took 0 ms.
16:20:40.745 [main] INFO  org.testng.log4testng.Logger.info(Logger.java:112)oggger - [Utils] MethodGroupsHelper.collectMethodsByGroup() took 0 ms.
16:20:40.745 [main] INFO  org.testng.log4testng.Logger.info(Logger.java:112)oggger - [Utils] MethodGroupsHelper.sortMethods() took 0 ms.
16:20:40.745 [main] INFO  org.testng.log4testng.Logger.info(Logger.java:112)oggger - [Utils] MethodGroupsHelper.collectMethodsByGroup() took 0 ms.
16:20:40.745 [main] INFO  org.testng.log4testng.Logger.info(Logger.java:112)oggger - [Utils] MethodGroupsHelper.sortMethods() took 0 ms.
16:20:40.749 [main] INFO  org.testng.log4testng.Logger.info(Logger.java:112)oggger - [Utils] MethodGroupsHelper.collectMethodsByGroup() took 0 ms.
16:20:40.749 [main] INFO  org.testng.log4testng.Logger.info(Logger.java:112)oggger - [Utils] MethodGroupsHelper.sortMethods() took 0 ms.
16:20:40.752 [main] INFO  org.testng.log4testng.Logger.info(Logger.java:112)oggger - [Utils] MethodGroupsHelper.collectMethodsByGroup() took 1 ms.
16:20:40.757 [main] INFO  org.testng.log4testng.Logger.info(Logger.java:112)oggger - [Utils] MethodGroupsHelper.sortMethods() took 4 ms.
16:20:40.758 [main] INFO  org.testng.log4testng.Logger.info(Logger.java:112)oggger - [Utils] MethodGroupsHelper.collectMethodsByGroup() took 0 ms.
16:20:40.758 [main] INFO  org.testng.log4testng.Logger.info(Logger.java:112)oggger - [Utils] MethodGroupsHelper.sortMethods() took 0 ms.
16:20:40.759 [main] INFO  org.testng.log4testng.Logger.info(Logger.java:112)oggger - [Utils] MethodGroupsHelper.collectMethodsByGroup() took 0 ms.
16:20:40.759 [main] INFO  org.testng.log4testng.Logger.info(Logger.java:112)oggger - [Utils] MethodGroupsHelper.sortMethods() took 0 ms.
16:20:40.759 [main] INFO  org.testng.log4testng.Logger.info(Logger.java:112)oggger - [Utils] MethodGroupsHelper.collectMethodsByGroup() took 0 ms.
16:20:40.759 [main] INFO  org.testng.log4testng.Logger.info(Logger.java:112)oggger - [Utils] MethodGroupsHelper.sortMethods() took 0 ms.
16:20:40.760 [main] INFO  org.testng.log4testng.Logger.info(Logger.java:112)oggger - [Utils] MethodGroupsHelper.collectMethodsByGroup() took 0 ms.
16:20:40.760 [main] INFO  org.testng.log4testng.Logger.info(Logger.java:112)oggger - [Utils] MethodGroupsHelper.sortMethods() took 0 ms.
16:20:40.760 [main] INFO  org.testng.log4testng.Logger.info(Logger.java:112)oggger - [Utils] MethodGroupsHelper.collectMethodsByGroup() took 0 ms.
16:20:40.761 [main] INFO  org.testng.log4testng.Logger.info(Logger.java:112)oggger - [Utils] MethodGroupsHelper.sortMethods() took 0 ms.
16:20:40.762 [main] INFO  org.testng.log4testng.Logger.info(Logger.java:112)oggger - [Utils] MethodGroupsHelper.collectMethodsByGroup() took 0 ms.
16:20:40.762 [main] INFO  org.testng.log4testng.Logger.info(Logger.java:112)oggger - [Utils] MethodGroupsHelper.sortMethods() took 0 ms.
16:20:40.762 [main] INFO  org.testng.log4testng.Logger.info(Logger.java:112)oggger - [Utils] MethodGroupsHelper.collectMethodsByGroup() took 0 ms.
16:20:40.762 [main] INFO  org.testng.log4testng.Logger.info(Logger.java:112)oggger - [Utils] MethodGroupsHelper.sortMethods() took 0 ms.
16:20:40.763 [main] INFO  org.testng.log4testng.Logger.info(Logger.java:112)oggger - [Utils] MethodGroupsHelper.collectMethodsByGroup() took 1 ms.
16:20:40.763 [main] INFO  org.testng.log4testng.Logger.info(Logger.java:112)oggger - [Utils] MethodGroupsHelper.sortMethods() took 0 ms.
16:20:40.764 [main] INFO  org.testng.log4testng.Logger.info(Logger.java:112)oggger - [Utils] MethodGroupsHelper.collectMethodsByGroup() took 0 ms.
16:20:40.764 [main] INFO  org.testng.log4testng.Logger.info(Logger.java:112)oggger - [Utils] MethodGroupsHelper.sortMethods() took 0 ms.
16:20:40.764 [main] INFO  org.testng.log4testng.Logger.info(Logger.java:112)oggger - [Utils] MethodGroupsHelper.collectMethodsByGroup() took 0 ms.
16:20:40.764 [main] INFO  org.testng.log4testng.Logger.info(Logger.java:112)oggger - [Utils] MethodGroupsHelper.sortMethods() took 0 ms.
16:20:40.768 [main] INFO  org.testng.log4testng.Logger.info(Logger.java:112)oggger - [TestNG] Running:
  C:\Users\ganes\AppData\Local\Temp\testng-eclipse-1423597065\testng-customsuite.xml

16:20:40.783 [main] INFO  org.testng.log4testng.Logger.info(Logger.java:112)oggger - [Utils] DynamicGraphHelper.createDynamicGraph() took 2 ms.
16:20:44.466 [main] INFO  testCases.TC001_AccountRegistartionTest.verify_account_registration(TC001_AccountRegistartionTest.java:38)oggger - *****Starting TC001 AccountRegistrationTest*****
16:20:44.554 [main] INFO  testCases.TC001_AccountRegistartionTest.verify_account_registration(TC001_AccountRegistartionTest.java:44)oggger - Clicked on MyAccount Link
16:20:45.136 [main] INFO  testCases.TC001_AccountRegistartionTest.verify_account_registration(TC001_AccountRegistartionTest.java:46)oggger - Clicked on Register Link
16:20:45.139 [main] INFO  testCases.TC001_AccountRegistartionTest.verify_account_registration(TC001_AccountRegistartionTest.java:50)oggger - Providing customer details....
16:20:46.979 [main] INFO  testCases.TC001_AccountRegistartionTest.verify_account_registration(TC001_AccountRegistartionTest.java:64)oggger - Validating expected message..
16:20:47.006 [main] INFO  testCases.TC001_AccountRegistartionTest.verify_account_registration(TC001_AccountRegistartionTest.java:86)oggger - *****Finished TC001 AccountRegistrationTest*****
16:20:47.188 [main] INFO  org.testng.log4testng.Logger.info(Logger.java:112)oggger - [TestNG] Time taken by org.testng.reporters.jq.Main@22d9c961: 33 ms
16:20:47.188 [main] INFO  org.testng.log4testng.Logger.info(Logger.java:112)oggger - [TestNG] Time taken by org.testng.reporters.FailedReporter@1f443fae: 0 ms
16:20:47.195 [main] INFO  org.testng.log4testng.Logger.info(Logger.java:112)oggger - [TestNG] Time taken by org.testng.reporters.XMLReporter@2b214b94: 7 ms
16:20:47.195 [main] INFO  org.testng.log4testng.Logger.info(Logger.java:112)oggger - [TestNG] Time taken by org.testng.reporters.EmailableReporter2@60dd3c23: 0 ms
16:20:47.204 [main] INFO  org.testng.log4testng.Logger.info(Logger.java:112)oggger - [TestNG] Time taken by org.testng.reporters.JUnitReportReporter@215a34b4: 9 ms
16:20:47.204 [main] INFO  org.testng.log4testng.Logger.info(Logger.java:112)oggger - [TestNG] Time taken by org.testng.internal.ExitCodeListener@77bd7fe7: 0 ms
16:21:30.253 [main] DEBUG org.testng.log4testng.Logger.debug(Logger.java:82)oggger - suiteXmlPath: "C:\Users\ganes\AppData\Local\Temp\testng-eclipse--1605653619\testng-customsuite.xml"
16:21:30.376 [main] INFO  org.testng.log4testng.Logger.info(Logger.java:112)oggger - [Utils] MethodGroupsHelper.collectMethodsByGroup() took 0 ms.
16:21:30.378 [main] INFO  org.testng.log4testng.Logger.info(Logger.java:112)oggger - [Utils] MethodGroupsHelper.sortMethods() took 0 ms.
16:21:30.379 [main] INFO  org.testng.log4testng.Logger.info(Logger.java:112)oggger - [Utils] MethodGroupsHelper.collectMethodsByGroup() took 0 ms.
16:21:30.380 [main] INFO  org.testng.log4testng.Logger.info(Logger.java:112)oggger - [Utils] MethodGroupsHelper.sortMethods() took 0 ms.
16:21:30.380 [main] INFO  org.testng.log4testng.Logger.info(Logger.java:112)oggger - [Utils] MethodGroupsHelper.collectMethodsByGroup() took 0 ms.
16:21:30.380 [main] INFO  org.testng.log4testng.Logger.info(Logger.java:112)oggger - [Utils] MethodGroupsHelper.sortMethods() took 0 ms.
16:21:30.381 [main] INFO  org.testng.log4testng.Logger.info(Logger.java:112)oggger - [Utils] MethodGroupsHelper.collectMethodsByGroup() took 0 ms.
16:21:30.381 [main] INFO  org.testng.log4testng.Logger.info(Logger.java:112)oggger - [Utils] MethodGroupsHelper.sortMethods() took 0 ms.
16:21:30.384 [main] INFO  org.testng.log4testng.Logger.info(Logger.java:112)oggger - [Utils] MethodGroupsHelper.collectMethodsByGroup() took 2 ms.
16:21:30.390 [main] INFO  org.testng.log4testng.Logger.info(Logger.java:112)oggger - [Utils] MethodGroupsHelper.sortMethods() took 5 ms.
16:21:30.391 [main] INFO  org.testng.log4testng.Logger.info(Logger.java:112)oggger - [Utils] MethodGroupsHelper.collectMethodsByGroup() took 0 ms.
16:21:30.391 [main] INFO  org.testng.log4testng.Logger.info(Logger.java:112)oggger - [Utils] MethodGroupsHelper.sortMethods() took 0 ms.
16:21:30.391 [main] INFO  org.testng.log4testng.Logger.info(Logger.java:112)oggger - [Utils] MethodGroupsHelper.collectMethodsByGroup() took 0 ms.
16:21:30.391 [main] INFO  org.testng.log4testng.Logger.info(Logger.java:112)oggger - [Utils] MethodGroupsHelper.sortMethods() took 0 ms.
16:21:30.392 [main] INFO  org.testng.log4testng.Logger.info(Logger.java:112)oggger - [Utils] MethodGroupsHelper.collectMethodsByGroup() took 0 ms.
16:21:30.392 [main] INFO  org.testng.log4testng.Logger.info(Logger.java:112)oggger - [Utils] MethodGroupsHelper.sortMethods() took 0 ms.
16:21:30.393 [main] INFO  org.testng.log4testng.Logger.info(Logger.java:112)oggger - [Utils] MethodGroupsHelper.collectMethodsByGroup() took 0 ms.
16:21:30.393 [main] INFO  org.testng.log4testng.Logger.info(Logger.java:112)oggger - [Utils] MethodGroupsHelper.sortMethods() took 0 ms.
16:21:30.393 [main] INFO  org.testng.log4testng.Logger.info(Logger.java:112)oggger - [Utils] MethodGroupsHelper.collectMethodsByGroup() took 0 ms.
16:21:30.393 [main] INFO  org.testng.log4testng.Logger.info(Logger.java:112)oggger - [Utils] MethodGroupsHelper.sortMethods() took 0 ms.
16:21:30.394 [main] INFO  org.testng.log4testng.Logger.info(Logger.java:112)oggger - [Utils] MethodGroupsHelper.collectMethodsByGroup() took 0 ms.
16:21:30.395 [main] INFO  org.testng.log4testng.Logger.info(Logger.java:112)oggger - [Utils] MethodGroupsHelper.sortMethods() took 0 ms.
16:21:30.395 [main] INFO  org.testng.log4testng.Logger.info(Logger.java:112)oggger - [Utils] MethodGroupsHelper.collectMethodsByGroup() took 0 ms.
16:21:30.395 [main] INFO  org.testng.log4testng.Logger.info(Logger.java:112)oggger - [Utils] MethodGroupsHelper.sortMethods() took 0 ms.
16:21:30.395 [main] INFO  org.testng.log4testng.Logger.info(Logger.java:112)oggger - [Utils] MethodGroupsHelper.collectMethodsByGroup() took 0 ms.
16:21:30.396 [main] INFO  org.testng.log4testng.Logger.info(Logger.java:112)oggger - [Utils] MethodGroupsHelper.sortMethods() took 1 ms.
16:21:30.396 [main] INFO  org.testng.log4testng.Logger.info(Logger.java:112)oggger - [Utils] MethodGroupsHelper.collectMethodsByGroup() took 0 ms.
16:21:30.397 [main] INFO  org.testng.log4testng.Logger.info(Logger.java:112)oggger - [Utils] MethodGroupsHelper.sortMethods() took 0 ms.
16:21:30.397 [main] INFO  org.testng.log4testng.Logger.info(Logger.java:112)oggger - [Utils] MethodGroupsHelper.collectMethodsByGroup() took 0 ms.
16:21:30.397 [main] INFO  org.testng.log4testng.Logger.info(Logger.java:112)oggger - [Utils] MethodGroupsHelper.sortMethods() took 0 ms.
16:21:30.406 [main] INFO  org.testng.log4testng.Logger.info(Logger.java:112)oggger - [TestNG] Running:
  C:\Users\ganes\AppData\Local\Temp\testng-eclipse--1605653619\testng-customsuite.xml

16:21:30.418 [main] INFO  org.testng.log4testng.Logger.info(Logger.java:112)oggger - [Utils] DynamicGraphHelper.createDynamicGraph() took 2 ms.
16:21:33.267 [main] INFO  testCases.TC001_AccountRegistartionTest.verify_account_registration(TC001_AccountRegistartionTest.java:38)oggger - *****Starting TC001 AccountRegistrationTest*****
16:21:33.347 [main] INFO  testCases.TC001_AccountRegistartionTest.verify_account_registration(TC001_AccountRegistartionTest.java:44)oggger - Clicked on MyAccount Link
16:21:33.908 [main] INFO  testCases.TC001_AccountRegistartionTest.verify_account_registration(TC001_AccountRegistartionTest.java:46)oggger - Clicked on Register Link
16:21:33.909 [main] INFO  testCases.TC001_AccountRegistartionTest.verify_account_registration(TC001_AccountRegistartionTest.java:50)oggger - Providing customer details....
16:21:35.004 [main] INFO  testCases.TC001_AccountRegistartionTest.verify_account_registration(TC001_AccountRegistartionTest.java:64)oggger - Validating expected message..
16:21:35.040 [main] ERROR testCases.TC001_AccountRegistartionTest.verify_account_registration(TC001_AccountRegistartionTest.java:76)oggger - Test Failed..
16:21:35.041 [main] DEBUG testCases.TC001_AccountRegistartionTest.verify_account_registration(TC001_AccountRegistartionTest.java:77)oggger - Debug Logs..
16:21:35.042 [main] INFO  testCases.TC001_AccountRegistartionTest.verify_account_registration(TC001_AccountRegistartionTest.java:86)oggger - *****Finished TC001 AccountRegistrationTest*****
16:21:35.192 [main] INFO  org.testng.log4testng.Logger.info(Logger.java:112)oggger - [TestNG] Time taken by org.testng.reporters.jq.Main@1e9804b9: 32 ms
16:21:35.193 [main] INFO  org.testng.log4testng.Logger.info(Logger.java:112)oggger - [TestNG] Time taken by org.testng.reporters.FailedReporter@51ec2df1: 0 ms
16:21:35.197 [main] INFO  org.testng.log4testng.Logger.info(Logger.java:112)oggger - [TestNG] Time taken by org.testng.reporters.XMLReporter@79ab34c1: 4 ms
16:21:35.201 [main] INFO  org.testng.log4testng.Logger.info(Logger.java:112)oggger - [TestNG] Time taken by org.testng.reporters.EmailableReporter2@6daf2337: 3 ms
16:21:35.205 [main] INFO  org.testng.log4testng.Logger.info(Logger.java:112)oggger - [TestNG] Time taken by org.testng.reporters.JUnitReportReporter@7d755813: 4 ms
16:21:35.205 [main] INFO  org.testng.log4testng.Logger.info(Logger.java:112)oggger - [TestNG] Time taken by org.testng.internal.ExitCodeListener@69c93ca4: 0 ms
16:41:27.184 [main] DEBUG org.testng.log4testng.Logger.debug(Logger.java:82)oggger - suiteXmlPath: "C:\Users\ganes\Documents\Workspace\Selenium\OpenCartV121\master.xml"
16:41:27.348 [main] INFO  org.testng.log4testng.Logger.info(Logger.java:112)oggger - [TestNG] Running:
  C:\Users\ganes\Documents\Workspace\Selenium\OpenCartV121\master.xml

16:41:31.311 [main] INFO  testCases.TC001_AccountRegistartionTest.verify_account_registration(TC001_AccountRegistartionTest.java:38)oggger - *****Starting TC001 AccountRegistrationTest*****
16:41:31.452 [main] INFO  testCases.TC001_AccountRegistartionTest.verify_account_registration(TC001_AccountRegistartionTest.java:44)oggger - Clicked on MyAccount Link
16:41:32.037 [main] INFO  testCases.TC001_AccountRegistartionTest.verify_account_registration(TC001_AccountRegistartionTest.java:46)oggger - Clicked on Register Link
16:41:32.038 [main] INFO  testCases.TC001_AccountRegistartionTest.verify_account_registration(TC001_AccountRegistartionTest.java:50)oggger - Providing customer details....
16:41:33.253 [main] INFO  testCases.TC001_AccountRegistartionTest.verify_account_registration(TC001_AccountRegistartionTest.java:64)oggger - Validating expected message..
16:41:33.273 [main] ERROR testCases.TC001_AccountRegistartionTest.verify_account_registration(TC001_AccountRegistartionTest.java:76)oggger - Test Failed..
16:41:33.273 [main] DEBUG testCases.TC001_AccountRegistartionTest.verify_account_registration(TC001_AccountRegistartionTest.java:77)oggger - Debug Logs..
16:41:33.274 [main] INFO  testCases.TC001_AccountRegistartionTest.verify_account_registration(TC001_AccountRegistartionTest.java:86)oggger - *****Finished TC001 AccountRegistrationTest*****
16:41:49.877 [main] DEBUG org.testng.log4testng.Logger.debug(Logger.java:82)oggger - suiteXmlPath: "C:\Users\ganes\Documents\Workspace\Selenium\OpenCartV121\master.xml"
16:41:50.045 [main] INFO  org.testng.log4testng.Logger.info(Logger.java:112)oggger - [TestNG] Running:
  C:\Users\ganes\Documents\Workspace\Selenium\OpenCartV121\master.xml

16:42:01.412 [main] INFO  testCases.TC001_AccountRegistartionTest.verify_account_registration(TC001_AccountRegistartionTest.java:38)oggger - *****Starting TC001 AccountRegistrationTest*****
16:42:01.501 [main] INFO  testCases.TC001_AccountRegistartionTest.verify_account_registration(TC001_AccountRegistartionTest.java:44)oggger - Clicked on MyAccount Link
16:42:02.082 [main] INFO  testCases.TC001_AccountRegistartionTest.verify_account_registration(TC001_AccountRegistartionTest.java:46)oggger - Clicked on Register Link
16:42:02.083 [main] INFO  testCases.TC001_AccountRegistartionTest.verify_account_registration(TC001_AccountRegistartionTest.java:50)oggger - Providing customer details....
16:42:03.225 [main] INFO  testCases.TC001_AccountRegistartionTest.verify_account_registration(TC001_AccountRegistartionTest.java:64)oggger - Validating expected message..
16:42:03.276 [main] ERROR testCases.TC001_AccountRegistartionTest.verify_account_registration(TC001_AccountRegistartionTest.java:76)oggger - Test Failed..
16:42:03.276 [main] DEBUG testCases.TC001_AccountRegistartionTest.verify_account_registration(TC001_AccountRegistartionTest.java:77)oggger - Debug Logs..
16:42:03.277 [main] INFO  testCases.TC001_AccountRegistartionTest.verify_account_registration(TC001_AccountRegistartionTest.java:86)oggger - *****Finished TC001 AccountRegistrationTest*****
16:48:07.751 [main] DEBUG org.testng.log4testng.Logger.debug(Logger.java:82)oggger - suiteXmlPath: "C:\Users\ganes\Documents\Workspace\Selenium\OpenCartV121\crossbrowser.xml"
16:48:07.917 [main] INFO  org.testng.log4testng.Logger.info(Logger.java:112)oggger - [TestNG] Running:
  C:\Users\ganes\Documents\Workspace\Selenium\OpenCartV121\crossbrowser.xml

16:48:13.811 [main] INFO  testCases.TC001_AccountRegistartionTest.verify_account_registration(TC001_AccountRegistartionTest.java:38)oggger - *****Starting TC001 AccountRegistrationTest*****
16:48:13.879 [main] INFO  testCases.TC001_AccountRegistartionTest.verify_account_registration(TC001_AccountRegistartionTest.java:44)oggger - Clicked on MyAccount Link
16:48:14.574 [main] INFO  testCases.TC001_AccountRegistartionTest.verify_account_registration(TC001_AccountRegistartionTest.java:46)oggger - Clicked on Register Link
16:48:14.575 [main] INFO  testCases.TC001_AccountRegistartionTest.verify_account_registration(TC001_AccountRegistartionTest.java:50)oggger - Providing customer details....
16:48:15.709 [main] INFO  testCases.TC001_AccountRegistartionTest.verify_account_registration(TC001_AccountRegistartionTest.java:64)oggger - Validating expected message..
16:48:15.733 [main] ERROR testCases.TC001_AccountRegistartionTest.verify_account_registration(TC001_AccountRegistartionTest.java:76)oggger - Test Failed..
16:48:15.733 [main] DEBUG testCases.TC001_AccountRegistartionTest.verify_account_registration(TC001_AccountRegistartionTest.java:77)oggger - Debug Logs..
16:48:15.736 [main] INFO  testCases.TC001_AccountRegistartionTest.verify_account_registration(TC001_AccountRegistartionTest.java:86)oggger - *****Finished TC001 AccountRegistrationTest*****
16:48:19.002 [main] INFO  testCases.TC001_AccountRegistartionTest.verify_account_registration(TC001_AccountRegistartionTest.java:38)oggger - *****Starting TC001 AccountRegistrationTest*****
16:48:19.066 [main] INFO  testCases.TC001_AccountRegistartionTest.verify_account_registration(TC001_AccountRegistartionTest.java:44)oggger - Clicked on MyAccount Link
16:48:19.654 [main] INFO  testCases.TC001_AccountRegistartionTest.verify_account_registration(TC001_AccountRegistartionTest.java:46)oggger - Clicked on Register Link
16:48:19.655 [main] INFO  testCases.TC001_AccountRegistartionTest.verify_account_registration(TC001_AccountRegistartionTest.java:50)oggger - Providing customer details....
16:48:20.825 [main] INFO  testCases.TC001_AccountRegistartionTest.verify_account_registration(TC001_AccountRegistartionTest.java:64)oggger - Validating expected message..
16:48:20.874 [main] ERROR testCases.TC001_AccountRegistartionTest.verify_account_registration(TC001_AccountRegistartionTest.java:76)oggger - Test Failed..
16:48:20.874 [main] DEBUG testCases.TC001_AccountRegistartionTest.verify_account_registration(TC001_AccountRegistartionTest.java:77)oggger - Debug Logs..
16:48:20.874 [main] INFO  testCases.TC001_AccountRegistartionTest.verify_account_registration(TC001_AccountRegistartionTest.java:86)oggger - *****Finished TC001 AccountRegistrationTest*****
16:49:21.306 [main] DEBUG org.testng.log4testng.Logger.debug(Logger.java:82)oggger - suiteXmlPath: "C:\Users\ganes\Documents\Workspace\Selenium\OpenCartV121\crossbrowser.xml"
16:49:21.473 [main] INFO  org.testng.log4testng.Logger.info(Logger.java:112)oggger - [TestNG] Running:
  C:\Users\ganes\Documents\Workspace\Selenium\OpenCartV121\crossbrowser.xml

16:49:24.852 [TestNG-tests-1] INFO  testCases.TC001_AccountRegistartionTest.verify_account_registration(TC001_AccountRegistartionTest.java:38)oggger - *****Starting TC001 AccountRegistrationTest*****
16:49:24.868 [TestNG-tests-2] INFO  testCases.TC001_AccountRegistartionTest.verify_account_registration(TC001_AccountRegistartionTest.java:38)oggger - *****Starting TC001 AccountRegistrationTest*****
16:49:24.963 [TestNG-tests-1] INFO  testCases.TC001_AccountRegistartionTest.verify_account_registration(TC001_AccountRegistartionTest.java:44)oggger - Clicked on MyAccount Link
16:49:24.969 [TestNG-tests-2] INFO  testCases.TC001_AccountRegistartionTest.verify_account_registration(TC001_AccountRegistartionTest.java:44)oggger - Clicked on MyAccount Link
16:49:25.534 [TestNG-tests-1] INFO  testCases.TC001_AccountRegistartionTest.verify_account_registration(TC001_AccountRegistartionTest.java:46)oggger - Clicked on Register Link
16:49:25.536 [TestNG-tests-1] INFO  testCases.TC001_AccountRegistartionTest.verify_account_registration(TC001_AccountRegistartionTest.java:50)oggger - Providing customer details....
16:49:25.769 [TestNG-tests-2] INFO  testCases.TC001_AccountRegistartionTest.verify_account_registration(TC001_AccountRegistartionTest.java:46)oggger - Clicked on Register Link
16:49:25.770 [TestNG-tests-2] INFO  testCases.TC001_AccountRegistartionTest.verify_account_registration(TC001_AccountRegistartionTest.java:50)oggger - Providing customer details....
16:49:27.119 [TestNG-tests-1] INFO  testCases.TC001_AccountRegistartionTest.verify_account_registration(TC001_AccountRegistartionTest.java:64)oggger - Validating expected message..
16:49:27.141 [TestNG-tests-1] ERROR testCases.TC001_AccountRegistartionTest.verify_account_registration(TC001_AccountRegistartionTest.java:76)oggger - Test Failed..
16:49:27.141 [TestNG-tests-1] DEBUG testCases.TC001_AccountRegistartionTest.verify_account_registration(TC001_AccountRegistartionTest.java:77)oggger - Debug Logs..
16:49:27.142 [TestNG-tests-1] INFO  testCases.TC001_AccountRegistartionTest.verify_account_registration(TC001_AccountRegistartionTest.java:86)oggger - *****Finished TC001 AccountRegistrationTest*****
16:49:27.576 [TestNG-tests-2] INFO  testCases.TC001_AccountRegistartionTest.verify_account_registration(TC001_AccountRegistartionTest.java:64)oggger - Validating expected message..
16:49:27.654 [TestNG-tests-2] ERROR testCases.TC001_AccountRegistartionTest.verify_account_registration(TC001_AccountRegistartionTest.java:76)oggger - Test Failed..
16:49:27.654 [TestNG-tests-2] DEBUG testCases.TC001_AccountRegistartionTest.verify_account_registration(TC001_AccountRegistartionTest.java:77)oggger - Debug Logs..
16:49:27.654 [TestNG-tests-2] INFO  testCases.TC001_AccountRegistartionTest.verify_account_registration(TC001_AccountRegistartionTest.java:86)oggger - *****Finished TC001 AccountRegistrationTest*****
17:49:20.286 [main] DEBUG org.testng.log4testng.Logger.debug(Logger.java:82)oggger - suiteXmlPath: "C:\Users\ganes\Documents\Workspace\Selenium\OpenCartV121\master.xml"
17:49:20.455 [main] INFO  org.testng.log4testng.Logger.info(Logger.java:112)oggger - [TestNG] Running:
  C:\Users\ganes\Documents\Workspace\Selenium\OpenCartV121\master.xml

17:49:30.752 [main] INFO  testCases.TC001_AccountRegistartionTest.verify_account_registration(TC001_AccountRegistartionTest.java:38)oggger - *****Starting TC001 AccountRegistrationTest*****
17:49:30.831 [main] INFO  testCases.TC001_AccountRegistartionTest.verify_account_registration(TC001_AccountRegistartionTest.java:44)oggger - Clicked on MyAccount Link
17:49:31.444 [main] INFO  testCases.TC001_AccountRegistartionTest.verify_account_registration(TC001_AccountRegistartionTest.java:46)oggger - Clicked on Register Link
17:49:31.446 [main] INFO  testCases.TC001_AccountRegistartionTest.verify_account_registration(TC001_AccountRegistartionTest.java:50)oggger - Providing customer details....
17:49:32.684 [main] INFO  testCases.TC001_AccountRegistartionTest.verify_account_registration(TC001_AccountRegistartionTest.java:64)oggger - Validating expected message..
17:49:32.711 [main] ERROR testCases.TC001_AccountRegistartionTest.verify_account_registration(TC001_AccountRegistartionTest.java:76)oggger - Test Failed..
17:49:32.711 [main] DEBUG testCases.TC001_AccountRegistartionTest.verify_account_registration(TC001_AccountRegistartionTest.java:77)oggger - Debug Logs..
17:49:32.713 [main] INFO  testCases.TC001_AccountRegistartionTest.verify_account_registration(TC001_AccountRegistartionTest.java:86)oggger - *****Finished TC001 AccountRegistrationTest*****
18:59:53.079 [main] DEBUG org.testng.log4testng.Logger.debug(Logger.java:82)oggger - suiteXmlPath: "C:\Users\ganes\Documents\Workspace\Selenium\OpenCartV121\master.xml"
18:59:53.218 [main] INFO  org.testng.log4testng.Logger.info(Logger.java:112)oggger - [TestNG] Running:
  C:\Users\ganes\Documents\Workspace\Selenium\OpenCartV121\master.xml

19:00:13.163 [main] DEBUG org.testng.log4testng.Logger.debug(Logger.java:82)oggger - suiteXmlPath: "C:\Users\ganes\Documents\Workspace\Selenium\OpenCartV121\master.xml"
19:00:13.301 [main] INFO  org.testng.log4testng.Logger.info(Logger.java:112)oggger - [TestNG] Running:
  C:\Users\ganes\Documents\Workspace\Selenium\OpenCartV121\master.xml

19:00:47.657 [main] DEBUG org.testng.log4testng.Logger.debug(Logger.java:82)oggger - suiteXmlPath: "C:\Users\ganes\Documents\Workspace\Selenium\OpenCartV121\master.xml"
19:00:47.804 [main] INFO  org.testng.log4testng.Logger.info(Logger.java:112)oggger - [TestNG] Running:
  C:\Users\ganes\Documents\Workspace\Selenium\OpenCartV121\master.xml

19:03:42.142 [main] DEBUG org.testng.log4testng.Logger.debug(Logger.java:82)oggger - suiteXmlPath: "C:\Users\ganes\Documents\Workspace\Selenium\OpenCartV121\master.xml"
19:03:42.289 [main] INFO  org.testng.log4testng.Logger.info(Logger.java:112)oggger - [TestNG] Running:
  C:\Users\ganes\Documents\Workspace\Selenium\OpenCartV121\master.xml

19:03:50.589 [main] INFO  testCases.TC002_Login_Test.verify_login(TC002_Login_Test.java:16)oggger - ****Starting TC002)Login_Test****
19:03:52.281 [main] INFO  testCases.TC002_Login_Test.verify_login(TC002_Login_Test.java:44)oggger - ****Finished TC002)Login_Test****
10:56:30.897 [main] DEBUG org.testng.log4testng.Logger.debug(Logger.java:82)oggger - suiteXmlPath: "C:\Users\ganes\Documents\Workspace\Selenium\OpenCartV121\master.xml"
10:56:31.326 [main] INFO  org.testng.log4testng.Logger.info(Logger.java:112)oggger - [TestNG] Running:
  C:\Users\ganes\Documents\Workspace\Selenium\OpenCartV121\master.xml

10:49:44.358 [main] DEBUG org.testng.log4testng.Logger.debug(Logger.java:82)oggger - suiteXmlPath: "C:\Users\ganes\Documents\Workspace\Selenium\OpenCartV121\grouping.xml"
11:50:03.868 [main] DEBUG org.testng.log4testng.Logger.debug(Logger.java:82)oggger - suiteXmlPath: "C:\Users\ganes\Documents\Workspace\Selenium\OpenCartV121\grouping.xml"
11:50:33.328 [main] DEBUG org.testng.log4testng.Logger.debug(Logger.java:82)oggger - suiteXmlPath: "C:\Users\ganes\Documents\Workspace\Selenium\OpenCartV121\grouping.xml"
11:59:54.730 [main] DEBUG org.testng.log4testng.Logger.debug(Logger.java:82)oggger - suiteXmlPath: "C:\Users\ganes\Documents\Workspace\Selenium\OpenCartV121\grouping.xml"
11:59:55.052 [main] INFO  org.testng.log4testng.Logger.info(Logger.java:112)oggger - [TestNG] Running:
  C:\Users\ganes\Documents\Workspace\Selenium\OpenCartV121\grouping.xml

12:00:01.485 [main] INFO  testCases.TC001_AccountRegistartionTest.verify_account_registration(TC001_AccountRegistartionTest.java:38)oggger - *****Starting TC001 AccountRegistrationTest*****
12:00:01.635 [main] INFO  testCases.TC001_AccountRegistartionTest.verify_account_registration(TC001_AccountRegistartionTest.java:44)oggger - Clicked on MyAccount Link
12:00:02.295 [main] INFO  testCases.TC001_AccountRegistartionTest.verify_account_registration(TC001_AccountRegistartionTest.java:46)oggger - Clicked on Register Link
12:00:02.299 [main] INFO  testCases.TC001_AccountRegistartionTest.verify_account_registration(TC001_AccountRegistartionTest.java:50)oggger - Providing customer details....
12:00:04.790 [main] INFO  testCases.TC001_AccountRegistartionTest.verify_account_registration(TC001_AccountRegistartionTest.java:64)oggger - Validating expected message..
12:00:04.842 [main] ERROR testCases.TC001_AccountRegistartionTest.verify_account_registration(TC001_AccountRegistartionTest.java:76)oggger - Test Failed..
12:00:04.842 [main] DEBUG testCases.TC001_AccountRegistartionTest.verify_account_registration(TC001_AccountRegistartionTest.java:77)oggger - Debug Logs..
12:00:04.844 [main] INFO  testCases.TC001_AccountRegistartionTest.verify_account_registration(TC001_AccountRegistartionTest.java:86)oggger - *****Finished TC001 AccountRegistrationTest*****
12:00:08.780 [main] INFO  testCases.TC002_Login_Test.verify_login(TC002_Login_Test.java:17)oggger - ****Starting TC002)Login_Test****
12:00:10.585 [main] INFO  testCases.TC002_Login_Test.verify_login(TC002_Login_Test.java:45)oggger - ****Finished TC002)Login_Test****
12:01:21.830 [main] DEBUG org.testng.log4testng.Logger.debug(Logger.java:82)oggger - suiteXmlPath: "C:\Users\ganes\Documents\Workspace\Selenium\OpenCartV121\grouping.xml"
12:01:22.158 [main] INFO  org.testng.log4testng.Logger.info(Logger.java:112)oggger - [TestNG] Running:
  C:\Users\ganes\Documents\Workspace\Selenium\OpenCartV121\grouping.xml

12:01:29.374 [main] INFO  testCases.TC001_AccountRegistartionTest.verify_account_registration(TC001_AccountRegistartionTest.java:38)oggger - *****Starting TC001 AccountRegistrationTest*****
12:01:29.528 [main] INFO  testCases.TC001_AccountRegistartionTest.verify_account_registration(TC001_AccountRegistartionTest.java:44)oggger - Clicked on MyAccount Link
12:01:30.512 [main] INFO  testCases.TC001_AccountRegistartionTest.verify_account_registration(TC001_AccountRegistartionTest.java:46)oggger - Clicked on Register Link
12:01:30.515 [main] INFO  testCases.TC001_AccountRegistartionTest.verify_account_registration(TC001_AccountRegistartionTest.java:50)oggger - Providing customer details....
12:01:32.610 [main] INFO  testCases.TC001_AccountRegistartionTest.verify_account_registration(TC001_AccountRegistartionTest.java:64)oggger - Validating expected message..
12:01:32.662 [main] INFO  testCases.TC001_AccountRegistartionTest.verify_account_registration(TC001_AccountRegistartionTest.java:86)oggger - *****Finished TC001 AccountRegistrationTest*****
12:01:37.551 [main] INFO  testCases.TC002_Login_Test.verify_login(TC002_Login_Test.java:17)oggger - ****Starting TC002)Login_Test****
12:01:39.344 [main] INFO  testCases.TC002_Login_Test.verify_login(TC002_Login_Test.java:45)oggger - ****Finished TC002)Login_Test****
12:04:39.286 [main] DEBUG org.testng.log4testng.Logger.debug(Logger.java:82)oggger - suiteXmlPath: "C:\Users\ganes\Documents\Workspace\Selenium\OpenCartV121\grouping.xml"
12:04:39.688 [main] INFO  org.testng.log4testng.Logger.info(Logger.java:112)oggger - [TestNG] Running:
  C:\Users\ganes\Documents\Workspace\Selenium\OpenCartV121\grouping.xml

12:04:44.340 [main] INFO  testCases.TC001_AccountRegistartionTest.verify_account_registration(TC001_AccountRegistartionTest.java:38)oggger - *****Starting TC001 AccountRegistrationTest*****
12:04:44.541 [main] INFO  testCases.TC001_AccountRegistartionTest.verify_account_registration(TC001_AccountRegistartionTest.java:44)oggger - Clicked on MyAccount Link
12:04:45.142 [main] INFO  testCases.TC001_AccountRegistartionTest.verify_account_registration(TC001_AccountRegistartionTest.java:46)oggger - Clicked on Register Link
12:04:45.144 [main] INFO  testCases.TC001_AccountRegistartionTest.verify_account_registration(TC001_AccountRegistartionTest.java:50)oggger - Providing customer details....
12:04:47.002 [main] INFO  testCases.TC001_AccountRegistartionTest.verify_account_registration(TC001_AccountRegistartionTest.java:64)oggger - Validating expected message..
12:04:47.065 [main] ERROR testCases.TC001_AccountRegistartionTest.verify_account_registration(TC001_AccountRegistartionTest.java:73)oggger - Test Failed..
12:04:47.065 [main] DEBUG testCases.TC001_AccountRegistartionTest.verify_account_registration(TC001_AccountRegistartionTest.java:74)oggger - Debug Logs..
12:04:47.067 [main] INFO  testCases.TC001_AccountRegistartionTest.verify_account_registration(TC001_AccountRegistartionTest.java:83)oggger - *****Finished TC001 AccountRegistrationTest*****
12:04:51.142 [main] INFO  testCases.TC002_Login_Test.verify_login(TC002_Login_Test.java:17)oggger - ****Starting TC002)Login_Test****
12:04:53.027 [main] INFO  testCases.TC002_Login_Test.verify_login(TC002_Login_Test.java:45)oggger - ****Finished TC002)Login_Test****
12:09:41.381 [main] DEBUG org.testng.log4testng.Logger.debug(Logger.java:82)oggger - suiteXmlPath: "C:\Users\ganes\Documents\Workspace\Selenium\OpenCartV121\grouping.xml"
12:09:41.737 [main] INFO  org.testng.log4testng.Logger.info(Logger.java:112)oggger - [TestNG] Running:
  C:\Users\ganes\Documents\Workspace\Selenium\OpenCartV121\grouping.xml

12:09:48.026 [main] INFO  testCases.TC001_AccountRegistartionTest.verify_account_registration(TC001_AccountRegistartionTest.java:38)oggger - *****Starting TC001 AccountRegistrationTest*****
12:09:48.190 [main] INFO  testCases.TC001_AccountRegistartionTest.verify_account_registration(TC001_AccountRegistartionTest.java:44)oggger - Clicked on MyAccount Link
12:09:49.906 [main] INFO  testCases.TC001_AccountRegistartionTest.verify_account_registration(TC001_AccountRegistartionTest.java:46)oggger - Clicked on Register Link
12:09:49.912 [main] INFO  testCases.TC001_AccountRegistartionTest.verify_account_registration(TC001_AccountRegistartionTest.java:50)oggger - Providing customer details....
12:09:51.896 [main] INFO  testCases.TC001_AccountRegistartionTest.verify_account_registration(TC001_AccountRegistartionTest.java:64)oggger - Validating expected message..
12:09:51.939 [main] ERROR testCases.TC001_AccountRegistartionTest.verify_account_registration(TC001_AccountRegistartionTest.java:74)oggger - Test Failed..
12:09:51.939 [main] DEBUG testCases.TC001_AccountRegistartionTest.verify_account_registration(TC001_AccountRegistartionTest.java:75)oggger - Debug Logs..
12:09:51.939 [main] INFO  testCases.TC001_AccountRegistartionTest.verify_account_registration(TC001_AccountRegistartionTest.java:84)oggger - *****Finished TC001 AccountRegistrationTest*****
12:09:55.311 [main] INFO  testCases.TC002_Login_Test.verify_login(TC002_Login_Test.java:17)oggger - ****Starting TC002)Login_Test****
12:09:57.165 [main] INFO  testCases.TC002_Login_Test.verify_login(TC002_Login_Test.java:45)oggger - ****Finished TC002)Login_Test****
19:21:45.006 [main] DEBUG org.testng.log4testng.Logger.debug(Logger.java:82)oggger - suiteXmlPath: "C:\Users\ganes\Documents\Workspace\Selenium\OpenCartV121\master.xml"
19:22:10.691 [main] DEBUG org.testng.log4testng.Logger.debug(Logger.java:82)oggger - suiteXmlPath: "C:\Users\ganes\Documents\Workspace\Selenium\OpenCartV121\master.xml"
19:22:10.981 [main] INFO  org.testng.log4testng.Logger.info(Logger.java:112)oggger - [TestNG] Running:
  C:\Users\ganes\Documents\Workspace\Selenium\OpenCartV121\master.xml

19:22:20.546 [main] DEBUG org.apache.poi.openxml4j.opc.PackageRelationshipCollection.parseRelationshipsPart(PackageRelationshipCollection.java:307)oggger - Parsing relationship: /xl/_rels/workbook.xml.rels
19:22:20.555 [main] DEBUG org.apache.poi.openxml4j.opc.PackageRelationshipCollection.parseRelationshipsPart(PackageRelationshipCollection.java:307)oggger - Parsing relationship: /xl/worksheets/_rels/sheet1.xml.rels
19:22:20.557 [main] DEBUG org.apache.poi.openxml4j.opc.PackageRelationshipCollection.parseRelationshipsPart(PackageRelationshipCollection.java:307)oggger - Parsing relationship: /_rels/.rels
19:22:21.466 [main] DEBUG org.apache.poi.openxml4j.opc.PackageRelationshipCollection.parseRelationshipsPart(PackageRelationshipCollection.java:307)oggger - Parsing relationship: /xl/_rels/workbook.xml.rels
19:22:21.469 [main] DEBUG org.apache.poi.openxml4j.opc.PackageRelationshipCollection.parseRelationshipsPart(PackageRelationshipCollection.java:307)oggger - Parsing relationship: /xl/worksheets/_rels/sheet1.xml.rels
19:22:21.471 [main] DEBUG org.apache.poi.openxml4j.opc.PackageRelationshipCollection.parseRelationshipsPart(PackageRelationshipCollection.java:307)oggger - Parsing relationship: /_rels/.rels
19:22:21.517 [main] DEBUG org.apache.poi.openxml4j.opc.PackageRelationshipCollection.parseRelationshipsPart(PackageRelationshipCollection.java:307)oggger - Parsing relationship: /xl/_rels/workbook.xml.rels
19:22:21.522 [main] DEBUG org.apache.poi.openxml4j.opc.PackageRelationshipCollection.parseRelationshipsPart(PackageRelationshipCollection.java:307)oggger - Parsing relationship: /xl/worksheets/_rels/sheet1.xml.rels
19:22:21.524 [main] DEBUG org.apache.poi.openxml4j.opc.PackageRelationshipCollection.parseRelationshipsPart(PackageRelationshipCollection.java:307)oggger - Parsing relationship: /_rels/.rels
19:22:21.591 [main] DEBUG org.apache.poi.openxml4j.opc.PackageRelationshipCollection.parseRelationshipsPart(PackageRelationshipCollection.java:307)oggger - Parsing relationship: /xl/_rels/workbook.xml.rels
19:22:21.593 [main] DEBUG org.apache.poi.openxml4j.opc.PackageRelationshipCollection.parseRelationshipsPart(PackageRelationshipCollection.java:307)oggger - Parsing relationship: /xl/worksheets/_rels/sheet1.xml.rels
19:22:21.594 [main] DEBUG org.apache.poi.openxml4j.opc.PackageRelationshipCollection.parseRelationshipsPart(PackageRelationshipCollection.java:307)oggger - Parsing relationship: /_rels/.rels
19:22:21.633 [main] DEBUG org.apache.poi.openxml4j.opc.PackageRelationshipCollection.parseRelationshipsPart(PackageRelationshipCollection.java:307)oggger - Parsing relationship: /xl/_rels/workbook.xml.rels
19:22:21.635 [main] DEBUG org.apache.poi.openxml4j.opc.PackageRelationshipCollection.parseRelationshipsPart(PackageRelationshipCollection.java:307)oggger - Parsing relationship: /xl/worksheets/_rels/sheet1.xml.rels
19:22:21.637 [main] DEBUG org.apache.poi.openxml4j.opc.PackageRelationshipCollection.parseRelationshipsPart(PackageRelationshipCollection.java:307)oggger - Parsing relationship: /_rels/.rels
19:22:21.669 [main] DEBUG org.apache.poi.openxml4j.opc.PackageRelationshipCollection.parseRelationshipsPart(PackageRelationshipCollection.java:307)oggger - Parsing relationship: /xl/_rels/workbook.xml.rels
19:22:21.671 [main] DEBUG org.apache.poi.openxml4j.opc.PackageRelationshipCollection.parseRelationshipsPart(PackageRelationshipCollection.java:307)oggger - Parsing relationship: /xl/worksheets/_rels/sheet1.xml.rels
19:22:21.672 [main] DEBUG org.apache.poi.openxml4j.opc.PackageRelationshipCollection.parseRelationshipsPart(PackageRelationshipCollection.java:307)oggger - Parsing relationship: /_rels/.rels
19:22:21.712 [main] DEBUG org.apache.poi.openxml4j.opc.PackageRelationshipCollection.parseRelationshipsPart(PackageRelationshipCollection.java:307)oggger - Parsing relationship: /xl/_rels/workbook.xml.rels
19:22:21.713 [main] DEBUG org.apache.poi.openxml4j.opc.PackageRelationshipCollection.parseRelationshipsPart(PackageRelationshipCollection.java:307)oggger - Parsing relationship: /xl/worksheets/_rels/sheet1.xml.rels
19:22:21.715 [main] DEBUG org.apache.poi.openxml4j.opc.PackageRelationshipCollection.parseRelationshipsPart(PackageRelationshipCollection.java:307)oggger - Parsing relationship: /_rels/.rels
19:22:21.752 [main] DEBUG org.apache.poi.openxml4j.opc.PackageRelationshipCollection.parseRelationshipsPart(PackageRelationshipCollection.java:307)oggger - Parsing relationship: /xl/_rels/workbook.xml.rels
19:22:21.754 [main] DEBUG org.apache.poi.openxml4j.opc.PackageRelationshipCollection.parseRelationshipsPart(PackageRelationshipCollection.java:307)oggger - Parsing relationship: /xl/worksheets/_rels/sheet1.xml.rels
19:22:21.756 [main] DEBUG org.apache.poi.openxml4j.opc.PackageRelationshipCollection.parseRelationshipsPart(PackageRelationshipCollection.java:307)oggger - Parsing relationship: /_rels/.rels
19:22:21.789 [main] DEBUG org.apache.poi.openxml4j.opc.PackageRelationshipCollection.parseRelationshipsPart(PackageRelationshipCollection.java:307)oggger - Parsing relationship: /xl/_rels/workbook.xml.rels
19:22:21.792 [main] DEBUG org.apache.poi.openxml4j.opc.PackageRelationshipCollection.parseRelationshipsPart(PackageRelationshipCollection.java:307)oggger - Parsing relationship: /xl/worksheets/_rels/sheet1.xml.rels
19:22:21.794 [main] DEBUG org.apache.poi.openxml4j.opc.PackageRelationshipCollection.parseRelationshipsPart(PackageRelationshipCollection.java:307)oggger - Parsing relationship: /_rels/.rels
19:22:21.825 [main] DEBUG org.apache.poi.openxml4j.opc.PackageRelationshipCollection.parseRelationshipsPart(PackageRelationshipCollection.java:307)oggger - Parsing relationship: /xl/_rels/workbook.xml.rels
19:22:21.827 [main] DEBUG org.apache.poi.openxml4j.opc.PackageRelationshipCollection.parseRelationshipsPart(PackageRelationshipCollection.java:307)oggger - Parsing relationship: /xl/worksheets/_rels/sheet1.xml.rels
19:22:21.828 [main] DEBUG org.apache.poi.openxml4j.opc.PackageRelationshipCollection.parseRelationshipsPart(PackageRelationshipCollection.java:307)oggger - Parsing relationship: /_rels/.rels
19:22:21.866 [main] DEBUG org.apache.poi.openxml4j.opc.PackageRelationshipCollection.parseRelationshipsPart(PackageRelationshipCollection.java:307)oggger - Parsing relationship: /xl/_rels/workbook.xml.rels
19:22:21.868 [main] DEBUG org.apache.poi.openxml4j.opc.PackageRelationshipCollection.parseRelationshipsPart(PackageRelationshipCollection.java:307)oggger - Parsing relationship: /xl/worksheets/_rels/sheet1.xml.rels
19:22:21.869 [main] DEBUG org.apache.poi.openxml4j.opc.PackageRelationshipCollection.parseRelationshipsPart(PackageRelationshipCollection.java:307)oggger - Parsing relationship: /_rels/.rels
19:22:21.901 [main] DEBUG org.apache.poi.openxml4j.opc.PackageRelationshipCollection.parseRelationshipsPart(PackageRelationshipCollection.java:307)oggger - Parsing relationship: /xl/_rels/workbook.xml.rels
19:22:21.903 [main] DEBUG org.apache.poi.openxml4j.opc.PackageRelationshipCollection.parseRelationshipsPart(PackageRelationshipCollection.java:307)oggger - Parsing relationship: /xl/worksheets/_rels/sheet1.xml.rels
19:22:21.904 [main] DEBUG org.apache.poi.openxml4j.opc.PackageRelationshipCollection.parseRelationshipsPart(PackageRelationshipCollection.java:307)oggger - Parsing relationship: /_rels/.rels
19:22:21.935 [main] DEBUG org.apache.poi.openxml4j.opc.PackageRelationshipCollection.parseRelationshipsPart(PackageRelationshipCollection.java:307)oggger - Parsing relationship: /xl/_rels/workbook.xml.rels
19:22:21.938 [main] DEBUG org.apache.poi.openxml4j.opc.PackageRelationshipCollection.parseRelationshipsPart(PackageRelationshipCollection.java:307)oggger - Parsing relationship: /xl/worksheets/_rels/sheet1.xml.rels
19:22:21.940 [main] DEBUG org.apache.poi.openxml4j.opc.PackageRelationshipCollection.parseRelationshipsPart(PackageRelationshipCollection.java:307)oggger - Parsing relationship: /_rels/.rels
19:22:21.972 [main] DEBUG org.apache.poi.openxml4j.opc.PackageRelationshipCollection.parseRelationshipsPart(PackageRelationshipCollection.java:307)oggger - Parsing relationship: /xl/_rels/workbook.xml.rels
19:22:21.974 [main] DEBUG org.apache.poi.openxml4j.opc.PackageRelationshipCollection.parseRelationshipsPart(PackageRelationshipCollection.java:307)oggger - Parsing relationship: /xl/worksheets/_rels/sheet1.xml.rels
19:22:21.975 [main] DEBUG org.apache.poi.openxml4j.opc.PackageRelationshipCollection.parseRelationshipsPart(PackageRelationshipCollection.java:307)oggger - Parsing relationship: /_rels/.rels
19:22:22.058 [main] INFO  testCases.TC003_LoginDDT.verify_loginDDT(TC003_LoginDDT.java:24)oggger - ****Starting TC003_LoginDDT ****
19:22:24.640 [main] INFO  testCases.TC003_LoginDDT.verify_loginDDT(TC003_LoginDDT.java:67)oggger - ****Starting TC003_LoginDDT ****
19:22:24.674 [main] INFO  testCases.TC003_LoginDDT.verify_loginDDT(TC003_LoginDDT.java:24)oggger - ****Starting TC003_LoginDDT ****
19:22:36.126 [main] INFO  testCases.TC003_LoginDDT.verify_loginDDT(TC003_LoginDDT.java:67)oggger - ****Starting TC003_LoginDDT ****
19:22:36.134 [main] INFO  testCases.TC003_LoginDDT.verify_loginDDT(TC003_LoginDDT.java:24)oggger - ****Starting TC003_LoginDDT ****
19:22:47.775 [main] INFO  testCases.TC003_LoginDDT.verify_loginDDT(TC003_LoginDDT.java:67)oggger - ****Starting TC003_LoginDDT ****
19:22:47.782 [main] INFO  testCases.TC003_LoginDDT.verify_loginDDT(TC003_LoginDDT.java:24)oggger - ****Starting TC003_LoginDDT ****
19:22:50.484 [main] INFO  testCases.TC003_LoginDDT.verify_loginDDT(TC003_LoginDDT.java:67)oggger - ****Starting TC003_LoginDDT ****
13:10:57.661 [main] DEBUG org.testng.log4testng.Logger.debug(Logger.java:82)oggger - suiteXmlPath: "C:\Users\ganes\Documents\Workspace\Selenium\OpenCartV121\grid-docker.xml"
13:10:57.873 [main] INFO  org.testng.log4testng.Logger.info(Logger.java:112)oggger - [TestNG] Running:
  C:\Users\ganes\Documents\Workspace\Selenium\OpenCartV121\grid-docker.xml

13:11:09.177 [main] INFO  testCases.TC001_AccountRegistartionTest.verify_account_registration(TC001_AccountRegistartionTest.java:38)oggger - *****Starting TC001 AccountRegistrationTest*****
13:11:09.260 [main] INFO  testCases.TC001_AccountRegistartionTest.verify_account_registration(TC001_AccountRegistartionTest.java:44)oggger - Clicked on MyAccount Link
13:11:09.851 [main] INFO  testCases.TC001_AccountRegistartionTest.verify_account_registration(TC001_AccountRegistartionTest.java:46)oggger - Clicked on Register Link
13:11:09.854 [main] INFO  testCases.TC001_AccountRegistartionTest.verify_account_registration(TC001_AccountRegistartionTest.java:50)oggger - Providing customer details....
13:11:11.817 [main] INFO  testCases.TC001_AccountRegistartionTest.verify_account_registration(TC001_AccountRegistartionTest.java:64)oggger - Validating expected message..
13:11:11.848 [main] ERROR testCases.TC001_AccountRegistartionTest.verify_account_registration(TC001_AccountRegistartionTest.java:74)oggger - Test Failed..
13:11:11.848 [main] DEBUG testCases.TC001_AccountRegistartionTest.verify_account_registration(TC001_AccountRegistartionTest.java:75)oggger - Debug Logs..
13:11:11.851 [main] INFO  testCases.TC001_AccountRegistartionTest.verify_account_registration(TC001_AccountRegistartionTest.java:84)oggger - *****Finished TC001 AccountRegistrationTest*****
13:57:50.430 [main] DEBUG org.testng.log4testng.Logger.debug(Logger.java:82)oggger - suiteXmlPath: "C:\Users\ganes\Documents\Workspace\Selenium\OpenCartV121\grid-docker.xml"
13:57:50.607 [main] INFO  org.testng.log4testng.Logger.info(Logger.java:112)oggger - [TestNG] Running:
  C:\Users\ganes\Documents\Workspace\Selenium\OpenCartV121\grid-docker.xml

13:59:41.877 [main] INFO  testCases.TC001_AccountRegistartionTest.verify_account_registration(TC001_AccountRegistartionTest.java:38)oggger - *****Starting TC001 AccountRegistrationTest*****
13:59:42.144 [main] INFO  testCases.TC001_AccountRegistartionTest.verify_account_registration(TC001_AccountRegistartionTest.java:44)oggger - Clicked on MyAccount Link
13:59:42.644 [main] INFO  testCases.TC001_AccountRegistartionTest.verify_account_registration(TC001_AccountRegistartionTest.java:46)oggger - Clicked on Register Link
13:59:42.647 [main] INFO  testCases.TC001_AccountRegistartionTest.verify_account_registration(TC001_AccountRegistartionTest.java:50)oggger - Providing customer details....
13:59:43.828 [main] INFO  testCases.TC001_AccountRegistartionTest.verify_account_registration(TC001_AccountRegistartionTest.java:64)oggger - Validating expected message..
13:59:43.850 [main] ERROR testCases.TC001_AccountRegistartionTest.verify_account_registration(TC001_AccountRegistartionTest.java:74)oggger - Test Failed..
13:59:43.850 [main] DEBUG testCases.TC001_AccountRegistartionTest.verify_account_registration(TC001_AccountRegistartionTest.java:75)oggger - Debug Logs..
13:59:43.853 [main] INFO  testCases.TC001_AccountRegistartionTest.verify_account_registration(TC001_AccountRegistartionTest.java:84)oggger - *****Finished TC001 AccountRegistrationTest*****
11:10:43.641 [main] DEBUG org.testng.log4testng.Logger.debug(Logger.java:82)oggger - suiteXmlPath: "C:\Users\ganes\Documents\Workspace\Selenium\OpenCartV121\master.xml"
11:15:02.576 [main] DEBUG org.testng.log4testng.Logger.debug(Logger.java:82)oggger - suiteXmlPath: "C:\Users\ganes\Documents\Workspace\Selenium\OpenCartV121\master.xml"
11:17:52.634 [main] DEBUG org.testng.log4testng.Logger.debug(Logger.java:82)oggger - suiteXmlPath: "C:\Users\ganes\Documents\Workspace\Selenium\OpenCartV121\master.xml"
11:41:43.315 [main] DEBUG org.testng.log4testng.Logger.debug(Logger.java:82)oggger - suiteXmlPath: "C:\Users\ganes\Documents\Workspace\Selenium\OpenCartV121\master.xml"
11:46:31.592 [main] DEBUG org.testng.log4testng.Logger.debug(Logger.java:82)oggger - suiteXmlPath: "C:\Users\ganes\Documents\Workspace\Selenium\OpenCartV121\master.xml"
17:24:15.376 [main] DEBUG org.testng.log4testng.Logger.debug(Logger.java:82)oggger - suiteXmlPath: "C:\Users\ganes\Documents\Workspace\Selenium\OpenCartV121\master.xml"
17:37:27.671 [main] DEBUG org.testng.log4testng.Logger.debug(Logger.java:82)oggger - suiteXmlPath: "C:\Users\ganes\Documents\Workspace\Selenium\OpenCartV121\master.xml"
