17:39:52.694 [main] DEBUG org.testng.log4testng.Logger.debug(Logger.java:82)oggger - suiteXmlPath: "C:\Users\ganes\Documents\Workspace\Selenium\OpenCartV121\master.xml"
17:41:11.320 [main] DEBUG org.testng.log4testng.Logger.debug(Logger.java:82)oggger - suiteXmlPath: "C:\Users\ganes\Documents\Workspace\Selenium\OpenCartV121\master.xml"
17:41:11.758 [main] INFO  org.testng.log4testng.Logger.info(Logger.java:112)oggger - [TestNG] Running:
  C:\Users\ganes\Documents\Workspace\Selenium\OpenCartV121\master.xml

17:44:53.324 [main] DEBUG org.testng.log4testng.Logger.debug(Logger.java:82)oggger - suiteXmlPath: "C:\Users\ganes\Documents\Workspace\Selenium\OpenCartV121\master.xml"
17:44:53.676 [main] INFO  org.testng.log4testng.Logger.info(Logger.java:112)oggger - [TestNG] Running:
  C:\Users\ganes\Documents\Workspace\Selenium\OpenCartV121\master.xml

17:45:20.604 [main] INFO  testCases.TC001_AccountRegistartionTest.verify_account_registration(TC001_AccountRegistartionTest.java:38)oggger - *****Starting TC001 AccountRegistrationTest*****
17:45:20.731 [main] INFO  testCases.TC001_AccountRegistartionTest.verify_account_registration(TC001_AccountRegistartionTest.java:44)oggger - Clicked on MyAccount Link
17:45:21.433 [main] INFO  testCases.TC001_AccountRegistartionTest.verify_account_registration(TC001_AccountRegistartionTest.java:46)oggger - Clicked on Register Link
17:45:21.435 [main] INFO  testCases.TC001_AccountRegistartionTest.verify_account_registration(TC001_AccountRegistartionTest.java:50)oggger - Providing customer details....
17:45:23.634 [main] INFO  testCases.TC001_AccountRegistartionTest.verify_account_registration(TC001_AccountRegistartionTest.java:64)oggger - Validating expected message..
17:45:23.707 [main] ERROR testCases.TC001_AccountRegistartionTest.verify_account_registration(TC001_AccountRegistartionTest.java:74)oggger - Test Failed..
17:45:23.707 [main] DEBUG testCases.TC001_AccountRegistartionTest.verify_account_registration(TC001_AccountRegistartionTest.java:75)oggger - Debug Logs..
17:45:23.712 [main] INFO  testCases.TC001_AccountRegistartionTest.verify_account_registration(TC001_AccountRegistartionTest.java:84)oggger - *****Finished TC001 AccountRegistrationTest*****
17:45:27.908 [main] INFO  testCases.TC002_Login_Test.verify_login(TC002_Login_Test.java:17)oggger - ****Starting TC002)Login_Test****
17:45:29.743 [main] INFO  testCases.TC002_Login_Test.verify_login(TC002_Login_Test.java:45)oggger - ****Finished TC002)Login_Test****
17:46:17.931 [main] DEBUG org.testng.log4testng.Logger.debug(Logger.java:82)oggger - suiteXmlPath: "C:\Users\ganes\Documents\Workspace\Selenium\OpenCartV121\master.xml"
17:46:22.906 [main] INFO  testCases.TC001_AccountRegistartionTest.verify_account_registration(TC001_AccountRegistartionTest.java:38)oggger - *****Starting TC001 AccountRegistrationTest*****
17:46:23.180 [main] INFO  testCases.TC001_AccountRegistartionTest.verify_account_registration(TC001_AccountRegistartionTest.java:44)oggger - Clicked on MyAccount Link
17:46:24.119 [main] INFO  testCases.TC001_AccountRegistartionTest.verify_account_registration(TC001_AccountRegistartionTest.java:46)oggger - Clicked on Register Link
17:46:24.122 [main] INFO  testCases.TC001_AccountRegistartionTest.verify_account_registration(TC001_AccountRegistartionTest.java:50)oggger - Providing customer details....
17:46:26.401 [main] INFO  testCases.TC001_AccountRegistartionTest.verify_account_registration(TC001_AccountRegistartionTest.java:64)oggger - Validating expected message..
17:46:26.452 [main] ERROR testCases.TC001_AccountRegistartionTest.verify_account_registration(TC001_AccountRegistartionTest.java:74)oggger - Test Failed..
17:46:26.452 [main] DEBUG testCases.TC001_AccountRegistartionTest.verify_account_registration(TC001_AccountRegistartionTest.java:75)oggger - Debug Logs..
17:46:26.457 [main] INFO  testCases.TC001_AccountRegistartionTest.verify_account_registration(TC001_AccountRegistartionTest.java:84)oggger - *****Finished TC001 AccountRegistrationTest*****
17:46:30.360 [main] INFO  testCases.TC002_Login_Test.verify_login(TC002_Login_Test.java:17)oggger - ****Starting TC002)Login_Test****
17:46:32.310 [main] INFO  testCases.TC002_Login_Test.verify_login(TC002_Login_Test.java:45)oggger - ****Finished TC002)Login_Test****
